[2020-06-14T18:19:13.889] [DEBUG] cheese - login => username:"admin",password:"123456"
[2020-06-14T18:19:13.896] [DEBUG] cheese - "admin"
[2020-06-14T18:19:13.914] [DEBUG] cheese - null
[2020-06-14T18:19:13.915] [DEBUG] cheese - null
[2020-06-14T18:20:11.040] [DEBUG] cheese - login => username:adminz,password:123456
[2020-06-14T18:20:11.040] [DEBUG] cheese - adminz
[2020-06-14T18:20:11.042] [DEBUG] cheese - null
[2020-06-14T18:20:11.042] [DEBUG] cheese - null
[2020-06-14T18:20:12.652] [DEBUG] cheese - login => username:adminz,password:123456
[2020-06-14T18:20:12.653] [DEBUG] cheese - adminz
[2020-06-14T18:20:12.655] [DEBUG] cheese - null
[2020-06-14T18:20:12.655] [DEBUG] cheese - null
[2020-06-14T18:20:13.513] [DEBUG] cheese - login => username:adminz,password:123456
[2020-06-14T18:20:13.513] [DEBUG] cheese - adminz
[2020-06-14T18:20:13.517] [DEBUG] cheese - null
[2020-06-14T18:20:13.517] [DEBUG] cheese - null
[2020-06-14T18:20:14.813] [DEBUG] cheese - login => username:adminz,password:123456
[2020-06-14T18:20:14.813] [DEBUG] cheese - adminz
[2020-06-14T18:20:14.815] [DEBUG] cheese - null
[2020-06-14T18:20:14.815] [DEBUG] cheese - null
[2020-06-14T18:20:57.688] [DEBUG] cheese - login => username:adminz,password:123456
[2020-06-14T18:20:57.689] [DEBUG] cheese - adminz
[2020-06-14T18:20:57.693] [DEBUG] cheese - null
[2020-06-14T18:20:57.693] [DEBUG] cheese - null
[2020-06-14T18:21:55.569] [DEBUG] cheese - login => username:adminz,password:123456
[2020-06-14T18:21:55.569] [DEBUG] cheese - adminz
[2020-06-14T18:21:55.571] [DEBUG] cheese - null
[2020-06-14T18:21:55.571] [DEBUG] cheese - null
[2020-06-14T18:24:45.587] [DEBUG] cheese - login => username:adminz,password:123456
[2020-06-14T18:24:45.588] [DEBUG] cheese - adminz
[2020-06-14T18:26:08.812] [DEBUG] cheese - login => username:adminz,password:123456
[2020-06-14T18:26:08.812] [DEBUG] cheese - adminz
[2020-06-14T18:26:08.822] [DEBUG] cheese - login => username:admin,password:123456
[2020-06-14T18:26:08.822] [DEBUG] cheese - admin
[2020-06-14T18:26:08.829] [DEBUG] cheese - null
[2020-06-14T18:26:08.829] [DEBUG] cheese - null
[2020-06-14T18:26:08.839] [DEBUG] cheese - null
[2020-06-14T18:26:08.840] [DEBUG] cheese - null
[2020-06-14T18:26:08.846] [DEBUG] cheese - null
[2020-06-14T18:26:08.846] [DEBUG] cheese - null
[2020-06-14T18:26:31.055] [DEBUG] cheese - login => username:admin,password:123456
[2020-06-14T18:26:31.056] [DEBUG] cheese - admin
[2020-06-14T18:26:31.070] [DEBUG] cheese - null
[2020-06-14T18:26:31.070] [DEBUG] cheese - null
[2020-06-14T18:26:52.276] [DEBUG] cheese - login => username:adminz,password:123456
[2020-06-14T18:26:52.276] [DEBUG] cheese - adminz
[2020-06-14T18:26:52.279] [DEBUG] cheese - null
[2020-06-14T18:26:52.279] [DEBUG] cheese - null
[2020-06-14T18:27:09.538] [DEBUG] cheese - login => username:adminz,password:123456
[2020-06-14T18:27:09.538] [DEBUG] cheese - adminz
[2020-06-14T18:27:09.540] [DEBUG] cheese - null
[2020-06-14T18:27:09.540] [DEBUG] cheese - null
[2020-06-14T18:27:21.710] [DEBUG] cheese - login => username:admin,password:123456
[2020-06-14T18:27:21.710] [DEBUG] cheese - admin
[2020-06-14T18:27:21.714] [DEBUG] cheese - null
[2020-06-14T18:27:21.714] [DEBUG] cheese - null
[2020-06-14T18:27:51.121] [DEBUG] cheese - login => username:admin,password:123456
[2020-06-14T18:27:51.121] [DEBUG] cheese - admin
[2020-06-14T18:27:51.124] [DEBUG] cheese - null
[2020-06-14T18:27:51.124] [DEBUG] cheese - null
[2020-06-14T23:42:48.450] [DEBUG] cheese - login => username:111,password:111111
[2020-06-14T23:42:48.453] [DEBUG] cheese - 111
[2020-06-14T23:42:52.618] [DEBUG] cheese - null
[2020-06-14T23:42:52.622] [DEBUG] cheese - null
[2020-06-14T23:43:31.517] [DEBUG] cheese - login => username:111,password:111111
[2020-06-14T23:43:31.517] [DEBUG] cheese - 111
[2020-06-14T23:43:31.521] [DEBUG] cheese - null
[2020-06-14T23:43:31.521] [DEBUG] cheese - null
[2020-06-14T23:46:44.348] [DEBUG] cheese - login => username:111,password:111111
[2020-06-14T23:46:44.348] [DEBUG] cheese - 111
[2020-06-14T23:46:44.350] [DEBUG] cheese - null
[2020-06-14T23:46:44.350] [DEBUG] cheese - null
[2020-06-14T23:49:16.569] [DEBUG] cheese - login => username:111,password:111111
[2020-06-14T23:49:16.570] [DEBUG] cheese - 111
[2020-06-14T23:49:16.573] [DEBUG] cheese - null
[2020-06-14T23:49:16.573] [DEBUG] cheese - null
[2020-06-14T23:49:28.823] [DEBUG] cheese - login => username:admin,password:123456
[2020-06-14T23:49:28.823] [DEBUG] cheese - admin
[2020-06-14T23:49:28.828] [DEBUG] cheese - null
[2020-06-14T23:49:28.828] [DEBUG] cheese - null
[2020-06-15T11:03:53.487] [DEBUG] cheese - login => username:admin,password:123456
[2020-06-15T11:03:53.488] [DEBUG] cheese - admin
[2020-06-15T11:03:55.240] [DEBUG] cheese - null
[2020-06-15T11:03:55.242] [DEBUG] cheese - null
[2020-06-15T11:09:26.225] [DEBUG] cheese - login => username:admin,password:123456
[2020-06-15T11:09:26.225] [DEBUG] cheese - admin
[2020-06-15T11:09:26.227] [DEBUG] cheese - null
[2020-06-15T11:09:26.228] [DEBUG] cheese - null
[2020-06-15T11:13:31.723] [DEBUG] cheese - login => username:admin,password:123456
[2020-06-15T11:13:31.723] [DEBUG] cheese - admin
[2020-06-15T11:13:31.726] [DEBUG] cheese - null
[2020-06-15T11:13:31.726] [DEBUG] cheese - null
[2020-06-15T11:15:53.055] [DEBUG] cheese - login => username:admin,password:123456
[2020-06-15T11:15:53.055] [DEBUG] cheese - admin
[2020-06-15T11:15:53.059] [DEBUG] cheese - null
[2020-06-15T11:15:53.059] [DEBUG] cheese - null
[2020-06-15T11:36:16.506] [DEBUG] cheese - login => username:admin,password:123456
[2020-06-15T11:36:16.506] [DEBUG] cheese - admin
[2020-06-15T11:36:16.510] [DEBUG] cheese - null
[2020-06-15T11:36:16.510] [DEBUG] cheese - null
[2020-06-15T11:42:54.892] [DEBUG] cheese - login => username:admin,password:123456
[2020-06-15T11:42:54.893] [DEBUG] cheese - admin
[2020-06-15T11:42:54.895] [DEBUG] cheese - null
[2020-06-15T11:42:54.895] [DEBUG] cheese - null
[2020-06-15T11:44:55.231] [DEBUG] cheese - login => username:admin,password:123456
[2020-06-15T11:44:55.231] [DEBUG] cheese - admin
[2020-06-15T11:44:55.232] [DEBUG] cheese - null
[2020-06-15T11:44:55.232] [DEBUG] cheese - null
[2020-06-15T11:45:04.112] [DEBUG] cheese - login => username:admin1,password:123456
[2020-06-15T11:45:04.113] [DEBUG] cheese - admin1
[2020-06-15T11:45:04.114] [DEBUG] cheese - null
[2020-06-15T11:45:04.114] [DEBUG] cheese - null
[2020-06-15T11:45:10.899] [DEBUG] cheese - login => username:admin1,password:123456
[2020-06-15T11:45:10.899] [DEBUG] cheese - admin1
[2020-06-15T11:45:10.900] [DEBUG] cheese - null
[2020-06-15T11:45:10.900] [DEBUG] cheese - null
[2020-06-15T11:45:16.810] [DEBUG] cheese - login => username:adm,password:123456
[2020-06-15T11:45:16.810] [DEBUG] cheese - adm
[2020-06-15T11:45:16.812] [DEBUG] cheese - null
[2020-06-15T11:45:16.812] [DEBUG] cheese - null
[2020-06-15T12:22:22.072] [DEBUG] cheese - login => username:admin,password:123456
[2020-06-15T12:22:22.072] [DEBUG] cheese - admin
[2020-06-15T12:22:22.074] [DEBUG] cheese - null
[2020-06-15T12:22:22.075] [DEBUG] cheese - null
[2020-06-15T12:45:35.486] [DEBUG] cheese - login => username:admin,password:123456
[2020-06-15T12:45:35.486] [DEBUG] cheese - admin
[2020-06-15T12:45:35.488] [DEBUG] cheese - null
[2020-06-15T12:45:35.488] [DEBUG] cheese - null
[2020-06-15T12:54:44.637] [DEBUG] cheese - login => username:admin,password:123456
[2020-06-15T12:54:44.637] [DEBUG] cheese - admin
[2020-06-15T12:54:44.642] [DEBUG] cheese - null
[2020-06-15T12:54:44.642] [DEBUG] cheese - null
[2020-06-15T14:30:46.067] [DEBUG] cheese - login => username:admin,password:123456
[2020-06-15T14:30:46.068] [DEBUG] cheese - admin
[2020-06-15T14:30:49.678] [DEBUG] cheese - null
[2020-06-15T14:30:49.682] [DEBUG] cheese - null
[2020-06-15T14:30:55.697] [DEBUG] cheese - login => username:admin,password:123456
[2020-06-15T14:30:55.697] [DEBUG] cheese - admin
[2020-06-15T14:30:55.699] [DEBUG] cheese - null
[2020-06-15T14:30:55.699] [DEBUG] cheese - null
[2020-06-15T14:50:20.704] [DEBUG] cheese - login => username:admin,password:123456
[2020-06-15T14:50:20.704] [DEBUG] cheese - admin
[2020-06-15T14:50:20.706] [DEBUG] cheese - null
[2020-06-15T14:50:20.706] [DEBUG] cheese - null
[2020-06-15T15:18:04.323] [DEBUG] cheese - login => username:admin,password:123456
[2020-06-15T15:18:04.323] [DEBUG] cheese - admin
[2020-06-15T15:18:04.326] [DEBUG] cheese - null
[2020-06-15T15:18:04.327] [DEBUG] cheese - null
[2020-06-15T15:18:25.654] [DEBUG] cheese - login => username:admin,password:123456
[2020-06-15T15:18:25.654] [DEBUG] cheese - admin
[2020-06-15T15:18:25.656] [DEBUG] cheese - null
[2020-06-15T15:18:25.656] [DEBUG] cheese - null
[2020-06-15T15:18:51.463] [DEBUG] cheese - login => username:admin,password:123456
[2020-06-15T15:18:51.464] [DEBUG] cheese - admin
[2020-06-15T15:18:51.467] [DEBUG] cheese - null
[2020-06-15T15:18:51.467] [DEBUG] cheese - null
[2020-06-15T18:32:41.601] [DEBUG] cheese - login => username:admin,password:123456
[2020-06-15T18:32:41.602] [DEBUG] cheese - admin
[2020-06-15T18:32:45.135] [DEBUG] cheese - null
[2020-06-15T18:32:45.137] [DEBUG] cheese - null
[2020-06-15T19:18:53.463] [DEBUG] cheese - login => username:admin,password:123456
[2020-06-15T19:18:53.463] [DEBUG] cheese - admin
[2020-06-15T19:18:53.469] [DEBUG] cheese - null
[2020-06-15T19:18:53.469] [DEBUG] cheese - null
[2020-06-15T22:12:49.610] [DEBUG] cheese - login => username:admin,password:123456
[2020-06-15T22:12:49.611] [DEBUG] cheese - admin
[2020-06-15T22:12:51.513] [DEBUG] cheese - null
[2020-06-15T22:12:51.514] [DEBUG] cheese - null
[2020-06-15T22:51:00.688] [DEBUG] cheese - login => username:admin,password:123456
[2020-06-15T22:51:00.688] [DEBUG] cheese - admin
[2020-06-15T22:51:00.690] [DEBUG] cheese - null
[2020-06-15T22:51:00.691] [DEBUG] cheese - null
[2020-06-15T22:55:59.982] [DEBUG] cheese - login => username:admin,password:123456
[2020-06-15T22:55:59.983] [DEBUG] cheese - admin
[2020-06-15T22:55:59.985] [DEBUG] cheese - login => username:admin,password:123456
[2020-06-15T22:55:59.985] [DEBUG] cheese - admin
[2020-06-15T22:55:59.987] [DEBUG] cheese - login => username:admin,password:123456
[2020-06-15T22:55:59.987] [DEBUG] cheese - admin
[2020-06-15T22:55:59.990] [DEBUG] cheese - login => username:admin,password:123456
[2020-06-15T22:55:59.990] [DEBUG] cheese - admin
[2020-06-15T22:55:59.994] [DEBUG] cheese - login => username:admin,password:123456
[2020-06-15T22:55:59.994] [DEBUG] cheese - admin
[2020-06-15T22:55:59.996] [DEBUG] cheese - login => username:admin,password:123456
[2020-06-15T22:55:59.996] [DEBUG] cheese - admin
[2020-06-15T22:56:01.998] [DEBUG] cheese - { inspect: [Function: inspect] }
[2020-06-15T22:56:02.003] [DEBUG] cheese - 查询失败
[2020-06-15T22:56:02.009] [DEBUG] cheese - login => username:admin,password:123456
[2020-06-15T22:56:02.010] [DEBUG] cheese - admin
[2020-06-15T22:56:02.018] [DEBUG] cheese - { inspect: [Function: inspect] }
[2020-06-15T22:56:02.019] [DEBUG] cheese - 查询失败
[2020-06-15T22:56:02.021] [DEBUG] cheese - { inspect: [Function: inspect] }
[2020-06-15T22:56:02.022] [DEBUG] cheese - 查询失败
[2020-06-15T22:56:02.026] [DEBUG] cheese - { inspect: [Function: inspect] }
[2020-06-15T22:56:02.026] [DEBUG] cheese - 查询失败
[2020-06-15T22:56:02.030] [DEBUG] cheese - { inspect: [Function: inspect] }
[2020-06-15T22:56:02.030] [DEBUG] cheese - 查询失败
[2020-06-15T22:56:02.036] [DEBUG] cheese - { inspect: [Function: inspect] }
[2020-06-15T22:56:02.036] [DEBUG] cheese - 查询失败
[2020-06-15T22:56:04.025] [DEBUG] cheese - { inspect: [Function: inspect] }
[2020-06-15T22:56:04.025] [DEBUG] cheese - 查询失败
[2020-06-15T22:56:43.224] [DEBUG] cheese - login => username:admin,password:123456
[2020-06-15T22:56:43.225] [DEBUG] cheese - admin
[2020-06-15T22:56:43.269] [DEBUG] cheese - null
[2020-06-15T22:56:43.270] [DEBUG] cheese - null
[2020-06-15T23:51:35.649] [DEBUG] cheese - login => username:admin,password:123456
[2020-06-15T23:51:35.649] [DEBUG] cheese - admin
[2020-06-15T23:51:35.652] [DEBUG] cheese - null
[2020-06-15T23:51:35.652] [DEBUG] cheese - null
[2020-06-16T10:44:24.686] [DEBUG] cheese - login => username:admin,password:123456
[2020-06-16T10:44:24.687] [DEBUG] cheese - admin
[2020-06-16T10:44:26.791] [DEBUG] cheese - null
[2020-06-16T10:44:26.792] [DEBUG] cheese - null
[2020-06-16T11:21:53.690] [DEBUG] cheese - login => username:admin,password:123456
[2020-06-16T11:21:53.690] [DEBUG] cheese - admin
[2020-06-16T11:21:53.693] [DEBUG] cheese - null
[2020-06-16T11:21:53.693] [DEBUG] cheese - null
[2020-06-16T11:55:35.210] [DEBUG] cheese - login => username:admin,password:123456
[2020-06-16T11:55:35.210] [DEBUG] cheese - admin
[2020-06-16T11:55:35.213] [DEBUG] cheese - null
[2020-06-16T11:55:35.213] [DEBUG] cheese - null
[2020-06-16T14:17:58.918] [DEBUG] cheese - login => username:admin,password:123456
[2020-06-16T14:17:58.919] [DEBUG] cheese - admin
[2020-06-16T14:17:58.924] [DEBUG] cheese - null
[2020-06-16T14:17:58.924] [DEBUG] cheese - null
[2020-06-16T14:26:24.615] [DEBUG] cheese - login => username:admin,password:123456
[2020-06-16T14:26:24.615] [DEBUG] cheese - admin
[2020-06-16T14:26:24.617] [DEBUG] cheese - null
[2020-06-16T14:26:24.617] [DEBUG] cheese - null
[2020-06-16T14:26:59.155] [DEBUG] cheese - login => username:admin,password:123456
[2020-06-16T14:26:59.155] [DEBUG] cheese - admin
[2020-06-16T14:26:59.157] [DEBUG] cheese - null
[2020-06-16T14:26:59.157] [DEBUG] cheese - null
[2020-06-16T14:27:18.891] [DEBUG] cheese - login => username:admin,password:123456
[2020-06-16T14:27:18.891] [DEBUG] cheese - admin
[2020-06-16T14:27:18.893] [DEBUG] cheese - null
[2020-06-16T14:27:18.893] [DEBUG] cheese - null
[2020-06-16T14:27:27.350] [DEBUG] cheese - login => username:admin,password:123456
[2020-06-16T14:27:27.350] [DEBUG] cheese - admin
[2020-06-16T14:27:27.352] [DEBUG] cheese - null
[2020-06-16T14:27:27.352] [DEBUG] cheese - null
[2020-06-16T14:28:33.300] [DEBUG] cheese - login => username:admin,password:123456
[2020-06-16T14:28:33.300] [DEBUG] cheese - admin
[2020-06-16T14:28:33.303] [DEBUG] cheese - null
[2020-06-16T14:28:33.303] [DEBUG] cheese - null
[2020-06-16T14:28:38.992] [DEBUG] cheese - login => username:admin,password:123456
[2020-06-16T14:28:38.992] [DEBUG] cheese - admin
[2020-06-16T14:28:38.994] [DEBUG] cheese - null
[2020-06-16T14:28:38.994] [DEBUG] cheese - null
[2020-06-16T14:29:17.436] [DEBUG] cheese - login => username:admin,password:123456
[2020-06-16T14:29:17.436] [DEBUG] cheese - admin
[2020-06-16T14:29:17.439] [DEBUG] cheese - null
[2020-06-16T14:29:17.439] [DEBUG] cheese - null
[2020-06-16T15:51:55.971] [DEBUG] cheese - login => username:admin,password:123456
[2020-06-16T15:51:55.972] [DEBUG] cheese - admin
[2020-06-16T15:51:59.752] [DEBUG] cheese - null
[2020-06-16T15:51:59.752] [DEBUG] cheese - null
[2020-06-16T17:35:10.055] [DEBUG] cheese - login => username:admin,password:123456
[2020-06-16T17:35:10.056] [DEBUG] cheese - admin
[2020-06-16T17:35:10.064] [DEBUG] cheese - null
[2020-06-16T17:35:10.064] [DEBUG] cheese - null
[2020-06-16T17:39:53.710] [DEBUG] cheese - login => username:admin,password:123456
[2020-06-16T17:39:53.711] [DEBUG] cheese - admin
[2020-06-16T17:39:53.714] [DEBUG] cheese - null
[2020-06-16T17:39:53.714] [DEBUG] cheese - null
[2020-06-16T20:05:19.416] [DEBUG] cheese - login => username:admin,password:123456
[2020-06-16T20:05:19.417] [DEBUG] cheese - admin
[2020-06-16T20:05:19.420] [DEBUG] cheese - null
[2020-06-16T20:05:19.420] [DEBUG] cheese - null
[2020-06-16T22:52:00.643] [DEBUG] cheese - login => username:admin,password:123456
[2020-06-16T22:52:00.644] [DEBUG] cheese - admin
[2020-06-16T22:52:00.648] [DEBUG] cheese - null
[2020-06-16T22:52:00.648] [DEBUG] cheese - null
[2020-06-16T23:38:23.209] [DEBUG] cheese - login => username:admin,password:123456
[2020-06-16T23:38:23.210] [DEBUG] cheese - admin
[2020-06-16T23:38:23.213] [DEBUG] cheese - null
[2020-06-16T23:38:23.214] [DEBUG] cheese - null
[2020-06-17T10:36:41.843] [DEBUG] cheese - login => username:admin,password:123456
[2020-06-17T10:36:41.844] [DEBUG] cheese - admin
[2020-06-17T10:36:45.566] [DEBUG] cheese - null
[2020-06-17T10:36:45.568] [DEBUG] cheese - null
[2020-06-17T21:00:14.804] [DEBUG] cheese - login => username:admin,password:123456
[2020-06-17T21:00:14.806] [DEBUG] cheese - admin
[2020-06-17T21:00:14.816] [DEBUG] cheese - null
[2020-06-17T21:00:14.816] [DEBUG] cheese - null
[2020-06-17T21:31:05.374] [DEBUG] cheese - login => username:admin,password:123456
[2020-06-17T21:31:05.376] [DEBUG] cheese - admin
[2020-06-17T21:31:05.385] [DEBUG] cheese - null
[2020-06-17T21:31:05.385] [DEBUG] cheese - null
[2020-06-18T11:01:36.679] [DEBUG] cheese - login => username:admin,password:123456
[2020-06-18T11:01:36.680] [DEBUG] cheese - admin
[2020-06-18T11:01:40.717] [DEBUG] cheese - null
[2020-06-18T11:01:40.718] [DEBUG] cheese - null
[2020-06-18T12:32:59.474] [DEBUG] cheese - login => username:123,password:123123
[2020-06-18T12:32:59.474] [DEBUG] cheese - 123
[2020-06-18T12:32:59.476] [DEBUG] cheese - null
[2020-06-18T12:32:59.476] [DEBUG] cheese - null
[2020-06-18T12:33:05.048] [DEBUG] cheese - login => username:123,password:123123
[2020-06-18T12:33:05.048] [DEBUG] cheese - 123
[2020-06-18T12:33:05.050] [DEBUG] cheese - null
[2020-06-18T12:33:05.050] [DEBUG] cheese - null
[2020-06-18T12:33:06.049] [DEBUG] cheese - login => username:123,password:123123
[2020-06-18T12:33:06.049] [DEBUG] cheese - 123
[2020-06-18T12:33:06.051] [DEBUG] cheese - null
[2020-06-18T12:33:06.051] [DEBUG] cheese - null
[2020-06-18T12:33:10.483] [DEBUG] cheese - login => username:123,password:111111
[2020-06-18T12:33:10.483] [DEBUG] cheese - 123
[2020-06-18T12:33:10.485] [DEBUG] cheese - null
[2020-06-18T12:33:10.485] [DEBUG] cheese - null
[2020-06-18T12:33:28.546] [DEBUG] cheese - login => username:liken,password:123456
[2020-06-18T12:33:28.546] [DEBUG] cheese - liken
[2020-06-18T12:33:28.549] [DEBUG] cheese - null
[2020-06-18T12:33:28.549] [DEBUG] cheese - null
[2020-06-18T12:33:33.657] [DEBUG] cheese - login => username:liken,password:123456
[2020-06-18T12:33:33.657] [DEBUG] cheese - liken
[2020-06-18T12:33:33.659] [DEBUG] cheese - null
[2020-06-18T12:33:33.659] [DEBUG] cheese - null
[2020-06-18T12:33:34.492] [DEBUG] cheese - login => username:liken,password:123456
[2020-06-18T12:33:34.492] [DEBUG] cheese - liken
[2020-06-18T12:33:34.493] [DEBUG] cheese - null
[2020-06-18T12:33:34.493] [DEBUG] cheese - null
[2020-06-18T12:33:34.840] [DEBUG] cheese - login => username:liken,password:123456
[2020-06-18T12:33:34.840] [DEBUG] cheese - liken
[2020-06-18T12:33:34.842] [DEBUG] cheese - null
[2020-06-18T12:33:34.842] [DEBUG] cheese - null
[2020-06-18T12:33:35.020] [DEBUG] cheese - login => username:liken,password:123456
[2020-06-18T12:33:35.020] [DEBUG] cheese - liken
[2020-06-18T12:33:35.021] [DEBUG] cheese - null
[2020-06-18T12:33:35.021] [DEBUG] cheese - null
[2020-06-18T12:33:35.176] [DEBUG] cheese - login => username:liken,password:123456
[2020-06-18T12:33:35.176] [DEBUG] cheese - liken
[2020-06-18T12:33:35.177] [DEBUG] cheese - null
[2020-06-18T12:33:35.177] [DEBUG] cheese - null
[2020-06-18T12:33:35.365] [DEBUG] cheese - login => username:liken,password:123456
[2020-06-18T12:33:35.365] [DEBUG] cheese - liken
[2020-06-18T12:33:35.366] [DEBUG] cheese - null
[2020-06-18T12:33:35.366] [DEBUG] cheese - null
[2020-06-18T17:03:19.261] [DEBUG] cheese - login => username:admin,password:123456
[2020-06-18T17:03:19.262] [DEBUG] cheese - admin
[2020-06-18T17:03:23.138] [DEBUG] cheese - null
[2020-06-18T17:03:23.141] [DEBUG] cheese - null
[2020-06-19T11:27:27.010] [DEBUG] cheese - login => username:admin,password:123456
[2020-06-19T11:27:27.011] [DEBUG] cheese - admin
[2020-06-19T11:27:30.634] [DEBUG] cheese - null
[2020-06-19T11:27:30.634] [DEBUG] cheese - null
[2020-06-19T16:23:15.565] [DEBUG] cheese - login => username:admin,password:123456
[2020-06-19T16:23:15.566] [DEBUG] cheese - admin
[2020-06-19T16:23:15.569] [DEBUG] cheese - null
[2020-06-19T16:23:15.569] [DEBUG] cheese - null
[2020-06-19T19:29:07.572] [DEBUG] cheese - login => username:admin,password:123456
[2020-06-19T19:29:07.573] [DEBUG] cheese - admin
[2020-06-19T19:29:11.282] [DEBUG] cheese - null
[2020-06-19T19:29:11.282] [DEBUG] cheese - null
[2020-06-19T19:46:58.676] [DEBUG] cheese - login => username:admin,password:123456
[2020-06-19T19:46:58.677] [DEBUG] cheese - admin
[2020-06-19T19:47:02.341] [DEBUG] cheese - null
[2020-06-19T19:47:02.343] [DEBUG] cheese - null
[2020-06-19T19:48:11.858] [DEBUG] cheese - login => username:222,password:111111
[2020-06-19T19:48:11.858] [DEBUG] cheese - 222
[2020-06-19T19:48:11.861] [DEBUG] cheese - null
[2020-06-19T19:48:11.861] [DEBUG] cheese - null
[2020-06-19T19:48:15.073] [DEBUG] cheese - login => username:admin,password:123456
[2020-06-19T19:48:15.074] [DEBUG] cheese - admin
[2020-06-19T19:48:15.076] [DEBUG] cheese - null
[2020-06-19T19:48:15.076] [DEBUG] cheese - null
[2020-06-19T19:48:49.410] [DEBUG] cheese - login => username:admin,password:123456
[2020-06-19T19:48:49.410] [DEBUG] cheese - admin
[2020-06-19T19:48:49.412] [DEBUG] cheese - null
[2020-06-19T19:48:49.413] [DEBUG] cheese - null
[2020-06-19T19:49:03.034] [DEBUG] cheese - login => username:222,password:111111
[2020-06-19T19:49:03.034] [DEBUG] cheese - 222
[2020-06-19T19:49:03.036] [DEBUG] cheese - null
[2020-06-19T19:49:03.036] [DEBUG] cheese - null
[2020-06-19T19:49:06.236] [DEBUG] cheese - login => username:admin,password:123456
[2020-06-19T19:49:06.236] [DEBUG] cheese - admin
[2020-06-19T19:49:06.239] [DEBUG] cheese - null
[2020-06-19T19:49:06.239] [DEBUG] cheese - null
[2020-06-20T11:40:44.495] [DEBUG] cheese - login => username:admin,password:123456
[2020-06-20T11:40:44.496] [DEBUG] cheese - admin
[2020-06-20T11:40:48.125] [DEBUG] cheese - null
[2020-06-20T11:40:48.127] [DEBUG] cheese - null
[2020-06-20T12:33:18.236] [DEBUG] cheese - null
[2020-06-20T12:34:34.593] [DEBUG] cheese - login => username:admin,password:123456
[2020-06-20T12:34:34.594] [DEBUG] cheese - admin
[2020-06-20T12:34:34.602] [DEBUG] cheese - null
[2020-06-20T12:34:34.602] [DEBUG] cheese - null
[2020-06-20T12:35:00.390] [DEBUG] cheese - null
[2020-06-20T12:36:37.314] [DEBUG] cheese - null
[2020-06-20T12:37:07.544] [DEBUG] cheese - null
[2020-06-20T12:37:37.894] [DEBUG] cheese - null
[2020-06-20T12:37:57.429] [DEBUG] cheese - null
[2020-06-20T12:39:46.461] [DEBUG] cheese - null
[2020-06-20T12:39:54.662] [DEBUG] cheese - null
[2020-06-20T12:40:25.129] [DEBUG] cheese - null
[2020-06-20T12:40:35.511] [DEBUG] cheese - null
[2020-06-20T12:44:04.405] [DEBUG] cheese - null
[2020-06-20T12:44:13.525] [DEBUG] cheese - null
[2020-06-20T12:44:19.235] [DEBUG] cheese - null
[2020-06-20T12:45:45.580] [DEBUG] cheese - null
[2020-06-20T12:45:56.679] [DEBUG] cheese - null
[2020-06-20T12:46:01.535] [DEBUG] cheese - null
[2020-06-20T12:46:04.743] [DEBUG] cheese - null
[2020-06-20T12:46:07.514] [DEBUG] cheese - null
[2020-06-20T12:46:10.534] [DEBUG] cheese - null
[2020-06-20T12:46:12.422] [DEBUG] cheese - null
[2020-06-20T12:46:16.467] [DEBUG] cheese - null
[2020-06-20T12:49:39.427] [DEBUG] cheese - null
[2020-06-20T12:49:48.173] [DEBUG] cheese - null
[2020-06-20T21:35:58.216] [DEBUG] cheese - login => username:admin,password:123456
[2020-06-20T21:35:58.218] [DEBUG] cheese - admin
[2020-06-20T21:36:00.004] [DEBUG] cheese - null
[2020-06-20T21:36:00.005] [DEBUG] cheese - null
